11:12:08 DEBUG : Logs will be stored at 'C:/WorkSpace/Puck/puck-demo-software/IDE.log'.
11:12:14 INFO  : Launching XSCT server: xsct.bat -n  -interactive C:\WorkSpace\Puck\puck-demo-software\temp_xsdb_launch_script.tcl
11:12:15 INFO  : Registering command handlers for Vitis TCF services
11:12:17 INFO  : Platform repository initialization has completed.
11:12:19 INFO  : XSCT server has started successfully.
11:12:20 INFO  : plnx-install-location is set to ''
11:12:20 INFO  : Successfully done setting XSCT server connection channel  
11:12:20 INFO  : Successfully done query RDI_DATADIR 
11:12:20 INFO  : Successfully done setting workspace for the tool. 
11:16:15 INFO  : Result from executing command 'getProjects': puck96-platform
11:16:15 INFO  : Result from executing command 'getPlatforms': xilinx_zcu102_base_202210_1|C:/Xilinx/Vitis/2022.1/base_platforms/xilinx_zcu102_base_202210_1/xilinx_zcu102_base_202210_1.xpfm;xilinx_zcu102_base_dfx_202210_1|C:/Xilinx/Vitis/2022.1/base_platforms/xilinx_zcu102_base_dfx_202210_1/xilinx_zcu102_base_dfx_202210_1.xpfm;xilinx_zcu104_base_202210_1|C:/Xilinx/Vitis/2022.1/base_platforms/xilinx_zcu104_base_202210_1/xilinx_zcu104_base_202210_1.xpfm
11:28:37 INFO  : Result from executing command 'getProjects': puck96-platform
11:28:37 INFO  : Result from executing command 'getPlatforms': puck96-platform|C:/WorkSpace/Puck/puck-demo-software/puck96-platform/export/puck96-platform/puck96-platform.xpfm;xilinx_zcu102_base_202210_1|C:/Xilinx/Vitis/2022.1/base_platforms/xilinx_zcu102_base_202210_1/xilinx_zcu102_base_202210_1.xpfm;xilinx_zcu102_base_dfx_202210_1|C:/Xilinx/Vitis/2022.1/base_platforms/xilinx_zcu102_base_dfx_202210_1/xilinx_zcu102_base_dfx_202210_1.xpfm;xilinx_zcu104_base_202210_1|C:/Xilinx/Vitis/2022.1/base_platforms/xilinx_zcu104_base_202210_1/xilinx_zcu104_base_202210_1.xpfm
11:28:38 INFO  : Checking for BSP changes to sync application flags for project 'puck-app'...
11:34:06 INFO  : Result from executing command 'removePlatformRepo': 
11:37:24 INFO  : Result from executing command 'getProjects': puck96-platform
11:37:24 INFO  : Result from executing command 'getPlatforms': xilinx_zcu102_base_202210_1|C:/Xilinx/Vitis/2022.1/base_platforms/xilinx_zcu102_base_202210_1/xilinx_zcu102_base_202210_1.xpfm;xilinx_zcu102_base_dfx_202210_1|C:/Xilinx/Vitis/2022.1/base_platforms/xilinx_zcu102_base_dfx_202210_1/xilinx_zcu102_base_dfx_202210_1.xpfm;xilinx_zcu104_base_202210_1|C:/Xilinx/Vitis/2022.1/base_platforms/xilinx_zcu104_base_202210_1/xilinx_zcu104_base_202210_1.xpfm
11:37:25 INFO  : Checking for BSP changes to sync application flags for project 'puck-app'...
11:44:02 INFO  : Checking for BSP changes to sync application flags for project 'puck-app'...
11:44:46 INFO  : Checking for BSP changes to sync application flags for project 'puck-app'...
11:46:07 INFO  : Connected to target on host '127.0.0.1' and port '3121'.
11:46:09 INFO  : Jtag cable 'Avnet USB-to-JTAG/UART Pod V1 1234-oj1A' is selected.
11:46:09 INFO  : 'jtag frequency' command is executed.
11:46:09 INFO  : Sourcing of 'C:/Xilinx/Vitis/2022.1/scripts/vitis/util/zynqmp_utils.tcl' is done.
11:46:09 INFO  : Context for 'APU' is selected.
11:46:09 INFO  : System reset is completed.
11:46:12 INFO  : 'after 3000' command is executed.
11:46:13 INFO  : 'targets -set -filter {jtag_cable_name =~ "Avnet USB-to-JTAG/UART Pod V1 1234-oj1A" && level==0 && jtag_device_ctx=="jsn-USB-to-JTAG/UART Pod V1-1234-oj1A-14710093-0"}' command is executed.
11:46:16 INFO  : Device configured successfully with "C:/WorkSpace/Puck/puck-demo-software/puck-app/_ide/bitstream/puck_top.bit"
11:46:16 INFO  : Context for 'APU' is selected.
11:46:17 INFO  : Hardware design and registers information is loaded from 'C:/WorkSpace/Puck/puck-demo-software/puck96-platform/export/puck96-platform/hw/puck_top.xsa'.
11:46:17 INFO  : 'configparams force-mem-access 1' command is executed.
11:46:17 INFO  : Context for 'APU' is selected.
11:46:17 INFO  : Boot mode is read from the target.
11:46:17 INFO  : Context for processor 'psu_cortexa53_0' is selected.
11:46:17 INFO  : Processor reset is completed for 'psu_cortexa53_0'.
11:46:18 INFO  : The application 'C:/WorkSpace/Puck/puck-demo-software/puck96-platform/export/puck96-platform/sw/puck96-platform/boot/fsbl.elf' is downloaded to processor 'psu_cortexa53_0'.
11:46:18 INFO  : 'set bp_46_18_fsbl_bp [bpadd -addr &XFsbl_Exit]' command is executed.
11:46:18 INFO  : 'con -block -timeout 60' command is executed.
11:46:18 INFO  : 'bpremove $bp_46_18_fsbl_bp' command is executed.
11:46:18 INFO  : Context for processor 'psu_cortexa53_0' is selected.
11:46:18 INFO  : Processor reset is completed for 'psu_cortexa53_0'.
11:46:20 INFO  : The application 'C:/WorkSpace/Puck/puck-demo-software/puck-app/Debug/puck-app.elf' is downloaded to processor 'psu_cortexa53_0'.
11:46:20 INFO  : 'configparams force-mem-access 0' command is executed.
11:46:20 INFO  : ----------------XSDB Script----------------
connect -url tcp:127.0.0.1:3121
source C:/Xilinx/Vitis/2022.1/scripts/vitis/util/zynqmp_utils.tcl
targets -set -nocase -filter {name =~"APU*"}
rst -system
after 3000
targets -set -filter {jtag_cable_name =~ "Avnet USB-to-JTAG/UART Pod V1 1234-oj1A" && level==0 && jtag_device_ctx=="jsn-USB-to-JTAG/UART Pod V1-1234-oj1A-14710093-0"}
fpga -file C:/WorkSpace/Puck/puck-demo-software/puck-app/_ide/bitstream/puck_top.bit
targets -set -nocase -filter {name =~"APU*"}
loadhw -hw C:/WorkSpace/Puck/puck-demo-software/puck96-platform/export/puck96-platform/hw/puck_top.xsa -mem-ranges [list {0x80000000 0xbfffffff} {0x400000000 0x5ffffffff} {0x1000000000 0x7fffffffff}] -regs
configparams force-mem-access 1
targets -set -nocase -filter {name =~"APU*"}
set mode [expr [mrd -value 0xFF5E0200] & 0xf]
targets -set -nocase -filter {name =~ "*A53*#0"}
rst -processor
dow C:/WorkSpace/Puck/puck-demo-software/puck96-platform/export/puck96-platform/sw/puck96-platform/boot/fsbl.elf
set bp_46_18_fsbl_bp [bpadd -addr &XFsbl_Exit]
con -block -timeout 60
bpremove $bp_46_18_fsbl_bp
targets -set -nocase -filter {name =~ "*A53*#0"}
rst -processor
dow C:/WorkSpace/Puck/puck-demo-software/puck-app/Debug/puck-app.elf
configparams force-mem-access 0
----------------End of Script----------------

11:46:20 INFO  : Context for processor 'psu_cortexa53_0' is selected.
11:46:20 INFO  : 'con' command is executed.
11:46:20 INFO  : ----------------XSDB Script (After Launch)----------------
targets -set -nocase -filter {name =~ "*A53*#0"}
con
----------------End of Script----------------

11:46:20 INFO  : Launch script is exported to file 'C:\WorkSpace\Puck\puck-demo-software\puck-system\_ide\scripts\debugger_puck-app-default.tcl'
11:50:42 INFO  : Result from executing command 'getProjects': puck96-platform
11:50:42 INFO  : Result from executing command 'getPlatforms': puck96-platform|C:/WorkSpace/Puck/puck-demo-software/puck96-platform/export/puck96-platform/puck96-platform.xpfm;xilinx_zcu102_base_202210_1|C:/Xilinx/Vitis/2022.1/base_platforms/xilinx_zcu102_base_202210_1/xilinx_zcu102_base_202210_1.xpfm;xilinx_zcu102_base_dfx_202210_1|C:/Xilinx/Vitis/2022.1/base_platforms/xilinx_zcu102_base_dfx_202210_1/xilinx_zcu102_base_dfx_202210_1.xpfm;xilinx_zcu104_base_202210_1|C:/Xilinx/Vitis/2022.1/base_platforms/xilinx_zcu104_base_202210_1/xilinx_zcu104_base_202210_1.xpfm
11:50:43 INFO  : Checking for BSP changes to sync application flags for project 'puck-app'...
11:50:43 INFO  : Updating application flags with new BSP settings...
11:50:43 INFO  : Successfully updated application flags for project puck-app.
11:51:16 INFO  : Disconnected from the channel tcfchan#4.
11:51:17 INFO  : Connected to target on host '127.0.0.1' and port '3121'.
11:51:18 INFO  : Jtag cable 'Avnet USB-to-JTAG/UART Pod V1 1234-oj1A' is selected.
11:51:18 INFO  : 'jtag frequency' command is executed.
11:51:18 INFO  : Sourcing of 'C:/Xilinx/Vitis/2022.1/scripts/vitis/util/zynqmp_utils.tcl' is done.
11:51:18 INFO  : Context for 'APU' is selected.
11:51:19 INFO  : System reset is completed.
11:51:22 INFO  : 'after 3000' command is executed.
11:51:22 INFO  : 'targets -set -filter {jtag_cable_name =~ "Avnet USB-to-JTAG/UART Pod V1 1234-oj1A" && level==0 && jtag_device_ctx=="jsn-USB-to-JTAG/UART Pod V1-1234-oj1A-14710093-0"}' command is executed.
11:51:25 INFO  : Device configured successfully with "C:/WorkSpace/Puck/puck-demo-software/puck-app/_ide/bitstream/puck_top.bit"
11:51:25 INFO  : Context for 'APU' is selected.
11:51:25 INFO  : Hardware design and registers information is loaded from 'C:/WorkSpace/Puck/puck-demo-software/puck96-platform/export/puck96-platform/hw/puck_top.xsa'.
11:51:25 INFO  : 'configparams force-mem-access 1' command is executed.
11:51:25 INFO  : Context for 'APU' is selected.
11:51:25 INFO  : Boot mode is read from the target.
11:51:25 INFO  : Context for processor 'psu_cortexa53_0' is selected.
11:51:26 INFO  : Processor reset is completed for 'psu_cortexa53_0'.
11:51:26 INFO  : The application 'C:/WorkSpace/Puck/puck-demo-software/puck96-platform/export/puck96-platform/sw/puck96-platform/boot/fsbl.elf' is downloaded to processor 'psu_cortexa53_0'.
11:51:26 INFO  : 'set bp_51_26_fsbl_bp [bpadd -addr &XFsbl_Exit]' command is executed.
11:51:27 INFO  : 'con -block -timeout 60' command is executed.
11:51:27 INFO  : 'bpremove $bp_51_26_fsbl_bp' command is executed.
11:51:27 INFO  : Context for processor 'psu_cortexa53_0' is selected.
11:51:27 INFO  : Processor reset is completed for 'psu_cortexa53_0'.
11:51:28 INFO  : The application 'C:/WorkSpace/Puck/puck-demo-software/puck-app/Debug/puck-app.elf' is downloaded to processor 'psu_cortexa53_0'.
11:51:28 INFO  : 'configparams force-mem-access 0' command is executed.
11:51:28 INFO  : ----------------XSDB Script----------------
connect -url tcp:127.0.0.1:3121
source C:/Xilinx/Vitis/2022.1/scripts/vitis/util/zynqmp_utils.tcl
targets -set -nocase -filter {name =~"APU*"}
rst -system
after 3000
targets -set -filter {jtag_cable_name =~ "Avnet USB-to-JTAG/UART Pod V1 1234-oj1A" && level==0 && jtag_device_ctx=="jsn-USB-to-JTAG/UART Pod V1-1234-oj1A-14710093-0"}
fpga -file C:/WorkSpace/Puck/puck-demo-software/puck-app/_ide/bitstream/puck_top.bit
targets -set -nocase -filter {name =~"APU*"}
loadhw -hw C:/WorkSpace/Puck/puck-demo-software/puck96-platform/export/puck96-platform/hw/puck_top.xsa -mem-ranges [list {0x80000000 0xbfffffff} {0x400000000 0x5ffffffff} {0x1000000000 0x7fffffffff}] -regs
configparams force-mem-access 1
targets -set -nocase -filter {name =~"APU*"}
set mode [expr [mrd -value 0xFF5E0200] & 0xf]
targets -set -nocase -filter {name =~ "*A53*#0"}
rst -processor
dow C:/WorkSpace/Puck/puck-demo-software/puck96-platform/export/puck96-platform/sw/puck96-platform/boot/fsbl.elf
set bp_51_26_fsbl_bp [bpadd -addr &XFsbl_Exit]
con -block -timeout 60
bpremove $bp_51_26_fsbl_bp
targets -set -nocase -filter {name =~ "*A53*#0"}
rst -processor
dow C:/WorkSpace/Puck/puck-demo-software/puck-app/Debug/puck-app.elf
configparams force-mem-access 0
----------------End of Script----------------

11:51:28 INFO  : Context for processor 'psu_cortexa53_0' is selected.
11:51:29 INFO  : 'con' command is executed.
11:51:29 INFO  : ----------------XSDB Script (After Launch)----------------
targets -set -nocase -filter {name =~ "*A53*#0"}
con
----------------End of Script----------------

11:51:29 INFO  : Launch script is exported to file 'C:\WorkSpace\Puck\puck-demo-software\puck-system\_ide\scripts\debugger_puck-app-default.tcl'
11:54:35 INFO  : Checking for BSP changes to sync application flags for project 'puck-app'...
11:55:36 INFO  : Disconnected from the channel tcfchan#6.
11:55:37 INFO  : Connected to target on host '127.0.0.1' and port '3121'.
11:55:46 INFO  : ----------------XSDB Script----------------
connect -url tcp:127.0.0.1:3121
----------------End of Script----------------

11:55:46 ERROR : Could not find ARM device on the board for connection 'Local'.
Check if the target is in:
1. Split JTAG - No operations are possible with ARM DAP.
2. Non JTAG bootmode - Bootrom may need time to enable DAP.
Please try again.


Troubleshooting hints:
1. Check whether board is connected to system properly.
2. In case of zynq board, check whether Digilent/Xilinx cable switch settings are correct.
3. If you are using Xilinx Platform Cable USB, ensure that status LED is green.
11:55:58 INFO  : Connected to target on host '127.0.0.1' and port '3121'.
11:55:59 INFO  : Jtag cable 'Avnet USB-to-JTAG/UART Pod V1 1234-oj1A' is selected.
11:55:59 INFO  : 'jtag frequency' command is executed.
11:55:59 INFO  : Sourcing of 'C:/Xilinx/Vitis/2022.1/scripts/vitis/util/zynqmp_utils.tcl' is done.
11:55:59 INFO  : Context for 'APU' is selected.
11:55:59 INFO  : System reset is completed.
11:56:02 INFO  : 'after 3000' command is executed.
11:56:02 INFO  : 'targets -set -filter {jtag_cable_name =~ "Avnet USB-to-JTAG/UART Pod V1 1234-oj1A" && level==0 && jtag_device_ctx=="jsn-USB-to-JTAG/UART Pod V1-1234-oj1A-14710093-0"}' command is executed.
11:56:06 INFO  : Device configured successfully with "C:/WorkSpace/Puck/puck-demo-software/puck-app/_ide/bitstream/puck_top.bit"
11:56:06 INFO  : Context for 'APU' is selected.
11:56:06 INFO  : Hardware design and registers information is loaded from 'C:/WorkSpace/Puck/puck-demo-software/puck96-platform/export/puck96-platform/hw/puck_top.xsa'.
11:56:06 INFO  : 'configparams force-mem-access 1' command is executed.
11:56:06 INFO  : Context for 'APU' is selected.
11:56:06 INFO  : Boot mode is read from the target.
11:56:06 INFO  : Context for processor 'psu_cortexa53_0' is selected.
11:56:06 INFO  : Processor reset is completed for 'psu_cortexa53_0'.
11:56:07 INFO  : The application 'C:/WorkSpace/Puck/puck-demo-software/puck96-platform/export/puck96-platform/sw/puck96-platform/boot/fsbl.elf' is downloaded to processor 'psu_cortexa53_0'.
11:56:07 INFO  : 'set bp_56_7_fsbl_bp [bpadd -addr &XFsbl_Exit]' command is executed.
11:56:07 INFO  : 'con -block -timeout 60' command is executed.
11:56:07 INFO  : 'bpremove $bp_56_7_fsbl_bp' command is executed.
11:56:07 INFO  : Context for processor 'psu_cortexa53_0' is selected.
11:56:07 INFO  : Processor reset is completed for 'psu_cortexa53_0'.
11:56:09 INFO  : The application 'C:/WorkSpace/Puck/puck-demo-software/puck-app/Debug/puck-app.elf' is downloaded to processor 'psu_cortexa53_0'.
11:56:09 INFO  : 'configparams force-mem-access 0' command is executed.
11:56:09 INFO  : ----------------XSDB Script----------------
connect -url tcp:127.0.0.1:3121
source C:/Xilinx/Vitis/2022.1/scripts/vitis/util/zynqmp_utils.tcl
targets -set -nocase -filter {name =~"APU*"}
rst -system
after 3000
targets -set -filter {jtag_cable_name =~ "Avnet USB-to-JTAG/UART Pod V1 1234-oj1A" && level==0 && jtag_device_ctx=="jsn-USB-to-JTAG/UART Pod V1-1234-oj1A-14710093-0"}
fpga -file C:/WorkSpace/Puck/puck-demo-software/puck-app/_ide/bitstream/puck_top.bit
targets -set -nocase -filter {name =~"APU*"}
loadhw -hw C:/WorkSpace/Puck/puck-demo-software/puck96-platform/export/puck96-platform/hw/puck_top.xsa -mem-ranges [list {0x80000000 0xbfffffff} {0x400000000 0x5ffffffff} {0x1000000000 0x7fffffffff}] -regs
configparams force-mem-access 1
targets -set -nocase -filter {name =~"APU*"}
set mode [expr [mrd -value 0xFF5E0200] & 0xf]
targets -set -nocase -filter {name =~ "*A53*#0"}
rst -processor
dow C:/WorkSpace/Puck/puck-demo-software/puck96-platform/export/puck96-platform/sw/puck96-platform/boot/fsbl.elf
set bp_56_7_fsbl_bp [bpadd -addr &XFsbl_Exit]
con -block -timeout 60
bpremove $bp_56_7_fsbl_bp
targets -set -nocase -filter {name =~ "*A53*#0"}
rst -processor
dow C:/WorkSpace/Puck/puck-demo-software/puck-app/Debug/puck-app.elf
configparams force-mem-access 0
----------------End of Script----------------

11:56:09 INFO  : Context for processor 'psu_cortexa53_0' is selected.
11:56:09 INFO  : 'con' command is executed.
11:56:09 INFO  : ----------------XSDB Script (After Launch)----------------
targets -set -nocase -filter {name =~ "*A53*#0"}
con
----------------End of Script----------------

11:56:09 INFO  : Launch script is exported to file 'C:\WorkSpace\Puck\puck-demo-software\puck-system\_ide\scripts\debugger_puck-app-default.tcl'
11:57:14 INFO  : Disconnected from the channel tcfchan#7.
11:58:43 INFO  : Checking for BSP changes to sync application flags for project 'puck-app'...
11:59:21 INFO  : Connected to target on host '127.0.0.1' and port '3121'.
11:59:22 INFO  : Jtag cable 'Avnet USB-to-JTAG/UART Pod V1 1234-oj1A' is selected.
11:59:22 INFO  : 'jtag frequency' command is executed.
11:59:22 INFO  : Sourcing of 'C:/Xilinx/Vitis/2022.1/scripts/vitis/util/zynqmp_utils.tcl' is done.
11:59:22 INFO  : Context for 'APU' is selected.
11:59:23 INFO  : System reset is completed.
11:59:26 INFO  : 'after 3000' command is executed.
11:59:26 INFO  : 'targets -set -filter {jtag_cable_name =~ "Avnet USB-to-JTAG/UART Pod V1 1234-oj1A" && level==0 && jtag_device_ctx=="jsn-USB-to-JTAG/UART Pod V1-1234-oj1A-14710093-0"}' command is executed.
11:59:30 INFO  : Device configured successfully with "C:/WorkSpace/Puck/puck-demo-software/puck-app/_ide/bitstream/puck_top.bit"
11:59:30 INFO  : Context for 'APU' is selected.
11:59:30 INFO  : Hardware design and registers information is loaded from 'C:/WorkSpace/Puck/puck-demo-software/puck96-platform/export/puck96-platform/hw/puck_top.xsa'.
11:59:30 INFO  : 'configparams force-mem-access 1' command is executed.
11:59:30 INFO  : Context for 'APU' is selected.
11:59:30 INFO  : Boot mode is read from the target.
11:59:30 INFO  : Context for processor 'psu_cortexa53_0' is selected.
11:59:30 INFO  : Processor reset is completed for 'psu_cortexa53_0'.
11:59:31 INFO  : The application 'C:/WorkSpace/Puck/puck-demo-software/puck96-platform/export/puck96-platform/sw/puck96-platform/boot/fsbl.elf' is downloaded to processor 'psu_cortexa53_0'.
11:59:31 INFO  : 'set bp_59_31_fsbl_bp [bpadd -addr &XFsbl_Exit]' command is executed.
11:59:31 INFO  : 'con -block -timeout 60' command is executed.
11:59:31 INFO  : 'bpremove $bp_59_31_fsbl_bp' command is executed.
11:59:32 INFO  : Context for processor 'psu_cortexa53_0' is selected.
11:59:32 INFO  : Processor reset is completed for 'psu_cortexa53_0'.
11:59:33 INFO  : The application 'C:/WorkSpace/Puck/puck-demo-software/puck-app/Debug/puck-app.elf' is downloaded to processor 'psu_cortexa53_0'.
11:59:33 INFO  : 'configparams force-mem-access 0' command is executed.
11:59:33 INFO  : ----------------XSDB Script----------------
connect -url tcp:127.0.0.1:3121
source C:/Xilinx/Vitis/2022.1/scripts/vitis/util/zynqmp_utils.tcl
targets -set -nocase -filter {name =~"APU*"}
rst -system
after 3000
targets -set -filter {jtag_cable_name =~ "Avnet USB-to-JTAG/UART Pod V1 1234-oj1A" && level==0 && jtag_device_ctx=="jsn-USB-to-JTAG/UART Pod V1-1234-oj1A-14710093-0"}
fpga -file C:/WorkSpace/Puck/puck-demo-software/puck-app/_ide/bitstream/puck_top.bit
targets -set -nocase -filter {name =~"APU*"}
loadhw -hw C:/WorkSpace/Puck/puck-demo-software/puck96-platform/export/puck96-platform/hw/puck_top.xsa -mem-ranges [list {0x80000000 0xbfffffff} {0x400000000 0x5ffffffff} {0x1000000000 0x7fffffffff}] -regs
configparams force-mem-access 1
targets -set -nocase -filter {name =~"APU*"}
set mode [expr [mrd -value 0xFF5E0200] & 0xf]
targets -set -nocase -filter {name =~ "*A53*#0"}
rst -processor
dow C:/WorkSpace/Puck/puck-demo-software/puck96-platform/export/puck96-platform/sw/puck96-platform/boot/fsbl.elf
set bp_59_31_fsbl_bp [bpadd -addr &XFsbl_Exit]
con -block -timeout 60
bpremove $bp_59_31_fsbl_bp
targets -set -nocase -filter {name =~ "*A53*#0"}
rst -processor
dow C:/WorkSpace/Puck/puck-demo-software/puck-app/Debug/puck-app.elf
configparams force-mem-access 0
----------------End of Script----------------

11:59:33 INFO  : Context for processor 'psu_cortexa53_0' is selected.
11:59:34 INFO  : 'con' command is executed.
11:59:34 INFO  : ----------------XSDB Script (After Launch)----------------
targets -set -nocase -filter {name =~ "*A53*#0"}
con
----------------End of Script----------------

11:59:34 INFO  : Launch script is exported to file 'C:\WorkSpace\Puck\puck-demo-software\puck-system\_ide\scripts\debugger_puck-app-default.tcl'
16:27:57 INFO  : Disconnected from the channel tcfchan#8.
16:27:58 INFO  : Connected to target on host '127.0.0.1' and port '3121'.
16:28:08 INFO  : ----------------XSDB Script----------------
connect -url tcp:127.0.0.1:3121
----------------End of Script----------------

16:28:08 ERROR : Could not find ARM device on the board for connection 'Local'.
Check if the target is in:
1. Split JTAG - No operations are possible with ARM DAP.
2. Non JTAG bootmode - Bootrom may need time to enable DAP.
Please try again.


Troubleshooting hints:
1. Check whether board is connected to system properly.
2. In case of zynq board, check whether Digilent/Xilinx cable switch settings are correct.
3. If you are using Xilinx Platform Cable USB, ensure that status LED is green.
16:28:28 INFO  : Connected to target on host '127.0.0.1' and port '3121'.
16:28:28 INFO  : Jtag cable 'Avnet USB-to-JTAG/UART Pod V1 1234-oj1A' is selected.
16:28:28 INFO  : 'jtag frequency' command is executed.
16:28:28 INFO  : Sourcing of 'C:/Xilinx/Vitis/2022.1/scripts/vitis/util/zynqmp_utils.tcl' is done.
16:28:28 INFO  : Context for 'APU' is selected.
16:28:29 INFO  : System reset is completed.
16:28:32 INFO  : 'after 3000' command is executed.
16:28:32 INFO  : 'targets -set -filter {jtag_cable_name =~ "Avnet USB-to-JTAG/UART Pod V1 1234-oj1A" && level==0 && jtag_device_ctx=="jsn-USB-to-JTAG/UART Pod V1-1234-oj1A-14710093-0"}' command is executed.
16:28:35 INFO  : Device configured successfully with "C:/WorkSpace/Puck/puck-demo-software/puck-app/_ide/bitstream/puck_top.bit"
16:28:35 INFO  : Context for 'APU' is selected.
16:28:36 INFO  : Hardware design and registers information is loaded from 'C:/WorkSpace/Puck/puck-demo-software/puck96-platform/export/puck96-platform/hw/puck_top.xsa'.
16:28:36 INFO  : 'configparams force-mem-access 1' command is executed.
16:28:36 INFO  : Context for 'APU' is selected.
16:28:36 INFO  : Boot mode is read from the target.
16:28:36 INFO  : Context for processor 'psu_cortexa53_0' is selected.
16:28:36 INFO  : Processor reset is completed for 'psu_cortexa53_0'.
16:28:37 INFO  : The application 'C:/WorkSpace/Puck/puck-demo-software/puck96-platform/export/puck96-platform/sw/puck96-platform/boot/fsbl.elf' is downloaded to processor 'psu_cortexa53_0'.
16:28:37 INFO  : 'set bp_28_37_fsbl_bp [bpadd -addr &XFsbl_Exit]' command is executed.
16:28:37 INFO  : 'con -block -timeout 60' command is executed.
16:28:37 INFO  : 'bpremove $bp_28_37_fsbl_bp' command is executed.
16:28:37 INFO  : Context for processor 'psu_cortexa53_0' is selected.
16:28:37 INFO  : Processor reset is completed for 'psu_cortexa53_0'.
16:28:38 INFO  : The application 'C:/WorkSpace/Puck/puck-demo-software/puck-app/Debug/puck-app.elf' is downloaded to processor 'psu_cortexa53_0'.
16:28:38 INFO  : 'configparams force-mem-access 0' command is executed.
16:28:38 INFO  : ----------------XSDB Script----------------
connect -url tcp:127.0.0.1:3121
source C:/Xilinx/Vitis/2022.1/scripts/vitis/util/zynqmp_utils.tcl
targets -set -nocase -filter {name =~"APU*"}
rst -system
after 3000
targets -set -filter {jtag_cable_name =~ "Avnet USB-to-JTAG/UART Pod V1 1234-oj1A" && level==0 && jtag_device_ctx=="jsn-USB-to-JTAG/UART Pod V1-1234-oj1A-14710093-0"}
fpga -file C:/WorkSpace/Puck/puck-demo-software/puck-app/_ide/bitstream/puck_top.bit
targets -set -nocase -filter {name =~"APU*"}
loadhw -hw C:/WorkSpace/Puck/puck-demo-software/puck96-platform/export/puck96-platform/hw/puck_top.xsa -mem-ranges [list {0x80000000 0xbfffffff} {0x400000000 0x5ffffffff} {0x1000000000 0x7fffffffff}] -regs
configparams force-mem-access 1
targets -set -nocase -filter {name =~"APU*"}
set mode [expr [mrd -value 0xFF5E0200] & 0xf]
targets -set -nocase -filter {name =~ "*A53*#0"}
rst -processor
dow C:/WorkSpace/Puck/puck-demo-software/puck96-platform/export/puck96-platform/sw/puck96-platform/boot/fsbl.elf
set bp_28_37_fsbl_bp [bpadd -addr &XFsbl_Exit]
con -block -timeout 60
bpremove $bp_28_37_fsbl_bp
targets -set -nocase -filter {name =~ "*A53*#0"}
rst -processor
dow C:/WorkSpace/Puck/puck-demo-software/puck-app/Debug/puck-app.elf
configparams force-mem-access 0
----------------End of Script----------------

16:28:39 INFO  : Context for processor 'psu_cortexa53_0' is selected.
16:28:39 INFO  : 'con' command is executed.
16:28:39 INFO  : ----------------XSDB Script (After Launch)----------------
targets -set -nocase -filter {name =~ "*A53*#0"}
con
----------------End of Script----------------

16:28:39 INFO  : Launch script is exported to file 'C:\WorkSpace\Puck\puck-demo-software\puck-system\_ide\scripts\debugger_puck-app-default.tcl'
17:23:25 INFO  : Disconnected from the channel tcfchan#9.
17:29:19 DEBUG : Logs will be stored at 'C:/WorkSpace/Puck/puck-demo-software/IDE.log'.
17:29:20 INFO  : Launching XSCT server: xsct.bat -n  -interactive C:\WorkSpace\Puck\puck-demo-software\temp_xsdb_launch_script.tcl
17:29:30 INFO  : Registering command handlers for Vitis TCF services
17:29:30 INFO  : Platform repository initialization has completed.
17:29:30 INFO  : XSCT server has started successfully.
17:29:31 INFO  : plnx-install-location is set to ''
17:29:31 INFO  : Successfully done setting XSCT server connection channel  
17:29:31 INFO  : Successfully done query RDI_DATADIR 
17:29:31 INFO  : Successfully done setting workspace for the tool. 
17:59:02 DEBUG : Logs will be stored at 'C:/WorkSpace/Puck/test-new-repos/IDE.log'.
17:59:04 INFO  : Launching XSCT server: xsct.bat -n  -interactive C:\WorkSpace\Puck\test-new-repos\temp_xsdb_launch_script.tcl
17:59:10 INFO  : Platform repository initialization has completed.
17:59:14 INFO  : Registering command handlers for Vitis TCF services
17:59:18 INFO  : XSCT server has started successfully.
17:59:18 INFO  : plnx-install-location is set to ''
17:59:24 INFO  : Successfully done setting XSCT server connection channel  
17:59:24 INFO  : Successfully done query RDI_DATADIR 
17:59:24 INFO  : Successfully done setting workspace for the tool. 
18:00:46 INFO  : Hardware specification for platform project 'puck96-platform' is updated.
18:02:49 INFO  : No changes in MSS file content so sources will not be generated.
18:02:59 ERROR : Error from executing command 'removePlatformRepo': ERROR: No valid directory exists at given path.
18:06:51 INFO  : Result from executing command 'getProjects': puck96-platform
18:06:51 INFO  : Result from executing command 'getPlatforms': xilinx_zcu102_base_202210_1|C:/Xilinx/Vitis/2022.1/base_platforms/xilinx_zcu102_base_202210_1/xilinx_zcu102_base_202210_1.xpfm;xilinx_zcu102_base_dfx_202210_1|C:/Xilinx/Vitis/2022.1/base_platforms/xilinx_zcu102_base_dfx_202210_1/xilinx_zcu102_base_dfx_202210_1.xpfm;xilinx_zcu104_base_202210_1|C:/Xilinx/Vitis/2022.1/base_platforms/xilinx_zcu104_base_202210_1/xilinx_zcu104_base_202210_1.xpfm
18:08:16 INFO  : No changes in MSS file content so sources will not be generated.
18:08:49 INFO  : Checking for BSP changes to sync application flags for project 'puck-app'...
18:09:44 INFO  : Connected to target on host '127.0.0.1' and port '3121'.
18:09:45 INFO  : Jtag cable 'Avnet USB-to-JTAG/UART Pod V1 1234-oj1A' is selected.
18:09:45 INFO  : 'jtag frequency' command is executed.
18:09:45 INFO  : Sourcing of 'C:/Xilinx/Vitis/2022.1/scripts/vitis/util/zynqmp_utils.tcl' is done.
18:09:46 INFO  : Context for 'APU' is selected.
18:09:46 INFO  : System reset is completed.
18:09:49 INFO  : 'after 3000' command is executed.
18:09:49 INFO  : 'targets -set -filter {jtag_cable_name =~ "Avnet USB-to-JTAG/UART Pod V1 1234-oj1A" && level==0 && jtag_device_ctx=="jsn-USB-to-JTAG/UART Pod V1-1234-oj1A-14710093-0"}' command is executed.
18:09:53 INFO  : Device configured successfully with "C:/WorkSpace/Puck/test-new-repos/puck-app/_ide/bitstream/puck_top.bit"
18:09:53 INFO  : Context for 'APU' is selected.
18:09:54 INFO  : Hardware design and registers information is loaded from 'C:/WorkSpace/Puck/test-new-repos/puck96-platform/export/puck96-platform/hw/puck_top.xsa'.
18:09:54 INFO  : 'configparams force-mem-access 1' command is executed.
18:09:54 INFO  : Context for 'APU' is selected.
18:09:54 INFO  : Boot mode is read from the target.
18:09:54 INFO  : Context for processor 'psu_cortexa53_0' is selected.
18:09:54 INFO  : Processor reset is completed for 'psu_cortexa53_0'.
18:09:55 INFO  : The application 'C:/WorkSpace/Puck/test-new-repos/puck96-platform/export/puck96-platform/sw/puck96-platform/boot/fsbl.elf' is downloaded to processor 'psu_cortexa53_0'.
18:09:55 INFO  : 'set bp_9_55_fsbl_bp [bpadd -addr &XFsbl_Exit]' command is executed.
18:09:55 INFO  : 'con -block -timeout 60' command is executed.
18:09:55 INFO  : 'bpremove $bp_9_55_fsbl_bp' command is executed.
18:09:55 INFO  : Context for processor 'psu_cortexa53_0' is selected.
18:09:55 INFO  : Processor reset is completed for 'psu_cortexa53_0'.
18:09:57 INFO  : The application 'C:/WorkSpace/Puck/test-new-repos/puck-app/Debug/puck-app.elf' is downloaded to processor 'psu_cortexa53_0'.
18:09:57 INFO  : 'configparams force-mem-access 0' command is executed.
18:09:57 INFO  : ----------------XSDB Script----------------
connect -url tcp:127.0.0.1:3121
source C:/Xilinx/Vitis/2022.1/scripts/vitis/util/zynqmp_utils.tcl
targets -set -nocase -filter {name =~"APU*"}
rst -system
after 3000
targets -set -filter {jtag_cable_name =~ "Avnet USB-to-JTAG/UART Pod V1 1234-oj1A" && level==0 && jtag_device_ctx=="jsn-USB-to-JTAG/UART Pod V1-1234-oj1A-14710093-0"}
fpga -file C:/WorkSpace/Puck/test-new-repos/puck-app/_ide/bitstream/puck_top.bit
targets -set -nocase -filter {name =~"APU*"}
loadhw -hw C:/WorkSpace/Puck/test-new-repos/puck96-platform/export/puck96-platform/hw/puck_top.xsa -mem-ranges [list {0x80000000 0xbfffffff} {0x400000000 0x5ffffffff} {0x1000000000 0x7fffffffff}] -regs
configparams force-mem-access 1
targets -set -nocase -filter {name =~"APU*"}
set mode [expr [mrd -value 0xFF5E0200] & 0xf]
targets -set -nocase -filter {name =~ "*A53*#0"}
rst -processor
dow C:/WorkSpace/Puck/test-new-repos/puck96-platform/export/puck96-platform/sw/puck96-platform/boot/fsbl.elf
set bp_9_55_fsbl_bp [bpadd -addr &XFsbl_Exit]
con -block -timeout 60
bpremove $bp_9_55_fsbl_bp
targets -set -nocase -filter {name =~ "*A53*#0"}
rst -processor
dow C:/WorkSpace/Puck/test-new-repos/puck-app/Debug/puck-app.elf
configparams force-mem-access 0
----------------End of Script----------------

18:09:57 INFO  : Context for processor 'psu_cortexa53_0' is selected.
18:09:57 INFO  : 'con' command is executed.
18:09:57 INFO  : ----------------XSDB Script (After Launch)----------------
targets -set -nocase -filter {name =~ "*A53*#0"}
con
----------------End of Script----------------

18:09:57 INFO  : Launch script is exported to file 'C:\WorkSpace\Puck\test-new-repos\puck-system\_ide\scripts\debugger_puck-app-default.tcl'
18:10:48 INFO  : Disconnected from the channel tcfchan#3.
18:26:34 DEBUG : Logs will be stored at 'C:/WorkSpace/Puck/test-new-repos/IDE.log'.
18:26:35 INFO  : Launching XSCT server: xsct.bat -n  -interactive C:\WorkSpace\Puck\test-new-repos\temp_xsdb_launch_script.tcl
18:26:46 INFO  : Registering command handlers for Vitis TCF services
18:26:47 INFO  : Platform repository initialization has completed.
18:26:49 INFO  : XSCT server has started successfully.
18:26:49 INFO  : plnx-install-location is set to ''
18:26:49 INFO  : Successfully done setting XSCT server connection channel  
18:26:49 INFO  : Successfully done setting workspace for the tool. 
18:26:49 INFO  : Successfully done query RDI_DATADIR 
